<?xml version="1.0" encoding="UTF-8"?>
<testng-results ignored="0" total="1" passed="1" failed="0" skipped="0">
  <reporter-output>
  </reporter-output>
  <suite started-at="2021-05-20T12:29:59 PKT" name="Form" finished-at="2021-05-20T12:30:51 PKT" duration-ms="52026">
    <groups>
    </groups>
    <test started-at="2021-05-20T12:29:59 PKT" name="Form Test" finished-at="2021-05-20T12:30:51 PKT" duration-ms="52026">
      <class name="com.form.testcases.TC_01">
        <test-method signature="main()[pri:0, instance:com.form.testcases.TC_01@192d43ce]" started-at="2021-05-20T12:29:59 PKT" name="main" finished-at="2021-05-20T12:30:51 PKT" duration-ms="51947" status="PASS">
          <reporter-output>
          </reporter-output>
        </test-method> <!-- main -->
      </class> <!-- com.form.testcases.TC_01 -->
    </test> <!-- Form Test -->
  </suite> <!-- Form -->
</testng-results>
